<?xml version="1.0" encoding="UTF-8"?>
<!-- Generated by org.testng.reporters.JUnitReportReporter -->
<testsuite skipped="0" hostname="ATA-JDW1015-MAC" name="com.selenium.seleniumTests.TestRunner" tests="1" failures="0" timestamp="29 Jul 2018 00:45:53 GMT" time="1.532" errors="0">
  <testcase name="aboutUsTest" time="1.532" classname="com.selenium.seleniumTests.TestRunner"/>
</testsuite> <!-- com.selenium.seleniumTests.TestRunner -->
